[debug] [2022-05-27T19:14:15.412Z] ----------------------------------------------------------------------
[debug] [2022-05-27T19:14:15.416Z] Command:       C:\Program Files\nodejs\node.exe C:\Users\User\AppData\Roaming\npm\node_modules\firebase-tools\lib\bin\firebase.js init
[debug] [2022-05-27T19:14:15.417Z] CLI Version:   11.0.1
[debug] [2022-05-27T19:14:15.418Z] Platform:      win32
[debug] [2022-05-27T19:14:15.418Z] Node Version:  v16.14.2
[debug] [2022-05-27T19:14:15.420Z] Time:          Sat May 28 2022 01:14:15 GMT+0600 (Bangladesh Standard Time)
[debug] [2022-05-27T19:14:15.420Z] ----------------------------------------------------------------------
[debug] 
[debug] [2022-05-27T19:14:15.440Z] > command requires scopes: ["email","openid","https://www.googleapis.com/auth/cloudplatformprojects.readonly","https://www.googleapis.com/auth/firebase","https://www.googleapis.com/auth/cloud-platform"]
[debug] [2022-05-27T19:14:15.441Z] > authorizing via signed-in user (mdsohaghasan72@gmail.com)
[info] 
     ######## #### ########  ######## ########     ###     ######  ########
     ##        ##  ##     ## ##       ##     ##  ##   ##  ##       ##
     ######    ##  ########  ######   ########  #########  ######  ######
     ##        ##  ##    ##  ##       ##     ## ##     ##       ## ##
     ##       #### ##     ## ######## ########  ##     ##  ######  ########

You're about to initialize a Firebase project in this directory:

  C:\Users\User\Desktop\TEST\test\my-app

[info] 
=== Project Setup
[info] 
[info] First, let's associate this project directory with a Firebase project.
[info] You can create multiple project aliases by running firebase use --add, 
[info] but for now we'll just set up a default project.
[info] 
[debug] [2022-05-27T19:14:36.143Z] >>> [apiv2][query] GET https://firebase.googleapis.com/v1beta1/projects pageSize=100
[debug] [2022-05-27T19:14:37.319Z] <<< [apiv2][status] GET https://firebase.googleapis.com/v1beta1/projects 200
[debug] [2022-05-27T19:14:37.320Z] <<< [apiv2][body] GET https://firebase.googleapis.com/v1beta1/projects [omitted]
